# JRE version: OpenJDK Runtime Environment (21.0.4) (build 21.0.4+-12508038-b607.1)
# Java VM: OpenJDK 64-Bit Server VM (21.0.4+-12508038-b607.1, mixed mode, tiered, compressed oops, compressed class ptrs, g1 gc, windows-amd64)
GC Precious Log:
 CardTable entry size: 512
 Card Set container configuration: InlinePtr #cards 5 size 8 Array Of Cards #cards 12 size 40 Howl #buckets 4 coarsen threshold 1843 Howl Bitmap #cards 512 size 80 coarsen threshold 460 Card regions per heap region 1 cards per card region 2048
 CPUs: 8 total, 8 available
 Memory: 16183M
 Large Page Support: Disabled
 NUMA Support: Disabled
 Compressed Oops: Enabled (32-bit)
 Heap Region Size: 1M
 Heap Min Capacity: 8M
 Heap Initial Capacity: 254M
 Heap Max Capacity: 2G
 Pre-touch: Disabled
 Parallel Workers: 8
 Concurrent Workers: 2
 Concurrent Refinement Workers: 8
 Periodic GC: Disabled
Heap:
 garbage-first heap   total 234496K, used 230761K [0x0000000080000000, 0x0000000100000000)
  region size 1024K, 75 young (76800K), 1 survivors (1024K)
 Metaspace       used 151295K, committed 153664K, reserved 1245184K
  class space    used 20253K, committed 21440K, reserved 1048576K
GC Heap History (20 events):
Event: 13.690 GC heap after
{Heap after GC invocations=45 (full 0):
 garbage-first heap   total 201728K, used 112297K [0x0000000080000000, 0x0000000100000000)
  region size 1024K, 10 young (10240K), 10 survivors (10240K)
 Metaspace       used 111694K, committed 113856K, reserved 1179648K
  class space    used 15095K, committed 16192K, reserved 1048576K
}
Event: 13.988 GC heap before
{Heap before GC invocations=45 (full 0):
 garbage-first heap   total 201728K, used 137897K [0x0000000080000000, 0x0000000100000000)
  region size 1024K, 35 young (35840K), 10 survivors (10240K)
 Metaspace       used 116824K, committed 119040K, reserved 1179648K
  class space    used 15776K, committed 16896K, reserved 1048576K
}
Event: 13.993 GC heap after
{Heap after GC invocations=46 (full 0):
 garbage-first heap   total 201728K, used 114575K [0x0000000080000000, 0x0000000100000000)
  region size 1024K, 3 young (3072K), 3 survivors (3072K)
 Metaspace       used 116824K, committed 119040K, reserved 1179648K
  class space    used 15776K, committed 16896K, reserved 1048576K
}
Event: 14.948 GC heap before
{Heap before GC invocations=47 (full 0):
 garbage-first heap   total 201728K, used 186255K [0x0000000080000000, 0x0000000100000000)
  region size 1024K, 68 young (69632K), 3 survivors (3072K)
 Metaspace       used 120676K, committed 123008K, reserved 1179648K
  class space    used 16283K, committed 17472K, reserved 1048576K
}
Event: 14.954 GC heap after
{Heap after GC invocations=48 (full 0):
 garbage-first heap   total 201728K, used 121921K [0x0000000080000000, 0x0000000100000000)
  region size 1024K, 8 young (8192K), 8 survivors (8192K)
 Metaspace       used 120676K, committed 123008K, reserved 1179648K
  class space    used 16283K, committed 17472K, reserved 1048576K
}
Event: 15.615 GC heap before
{Heap before GC invocations=48 (full 0):
 garbage-first heap   total 201728K, used 180289K [0x0000000080000000, 0x0000000100000000)
  region size 1024K, 66 young (67584K), 8 survivors (8192K)
 Metaspace       used 126619K, committed 128896K, reserved 1179648K
  class space    used 17171K, committed 18304K, reserved 1048576K
}
Event: 15.627 GC heap after
{Heap after GC invocations=49 (full 0):
 garbage-first heap   total 201728K, used 127662K [0x0000000080000000, 0x0000000100000000)
  region size 1024K, 9 young (9216K), 9 survivors (9216K)
 Metaspace       used 126619K, committed 128896K, reserved 1179648K
  class space    used 17171K, committed 18304K, reserved 1048576K
}
Event: 16.103 GC heap before
{Heap before GC invocations=49 (full 0):
 garbage-first heap   total 201728K, used 178862K [0x0000000080000000, 0x0000000100000000)
  region size 1024K, 60 young (61440K), 9 survivors (9216K)
 Metaspace       used 132965K, committed 135296K, reserved 1179648K
  class space    used 18143K, committed 19328K, reserved 1048576K
}
Event: 16.113 GC heap after
{Heap after GC invocations=50 (full 0):
 garbage-first heap   total 201728K, used 130895K [0x0000000080000000, 0x0000000100000000)
  region size 1024K, 4 young (4096K), 4 survivors (4096K)
 Metaspace       used 132965K, committed 135296K, reserved 1179648K
  class space    used 18143K, committed 19328K, reserved 1048576K
}
Event: 16.644 GC heap before
{Heap before GC invocations=51 (full 0):
 garbage-first heap   total 219136K, used 181071K [0x0000000080000000, 0x0000000100000000)
  region size 1024K, 55 young (56320K), 4 survivors (4096K)
 Metaspace       used 135443K, committed 137728K, reserved 1179648K
  class space    used 18465K, committed 19584K, reserved 1048576K
}
Event: 16.649 GC heap after
{Heap after GC invocations=52 (full 0):
 garbage-first heap   total 219136K, used 131952K [0x0000000080000000, 0x0000000100000000)
  region size 1024K, 6 young (6144K), 6 survivors (6144K)
 Metaspace       used 135443K, committed 137728K, reserved 1179648K
  class space    used 18465K, committed 19584K, reserved 1048576K
}
Event: 17.463 GC heap before
{Heap before GC invocations=52 (full 0):
 garbage-first heap   total 221184K, used 218992K [0x0000000080000000, 0x0000000100000000)
  region size 1024K, 70 young (71680K), 6 survivors (6144K)
 Metaspace       used 139835K, committed 142208K, reserved 1179648K
  class space    used 19188K, committed 20416K, reserved 1048576K
}
Event: 17.468 GC heap after
{Heap after GC invocations=53 (full 0):
 garbage-first heap   total 227328K, used 127236K [0x0000000080000000, 0x0000000100000000)
  region size 1024K, 3 young (3072K), 3 survivors (3072K)
 Metaspace       used 139835K, committed 142208K, reserved 1179648K
  class space    used 19188K, committed 20416K, reserved 1048576K
}
Event: 51.922 GC heap before
{Heap before GC invocations=53 (full 0):
 garbage-first heap   total 227328K, used 207108K [0x0000000080000000, 0x0000000100000000)
  region size 1024K, 82 young (83968K), 3 survivors (3072K)
 Metaspace       used 147343K, committed 149632K, reserved 1179648K
  class space    used 19908K, committed 21056K, reserved 1048576K
}
Event: 51.927 GC heap after
{Heap after GC invocations=54 (full 0):
 garbage-first heap   total 227328K, used 129330K [0x0000000080000000, 0x0000000100000000)
  region size 1024K, 5 young (5120K), 5 survivors (5120K)
 Metaspace       used 147343K, committed 149632K, reserved 1179648K
  class space    used 19908K, committed 21056K, reserved 1048576K
}
Event: 52.407 GC heap before
{Heap before GC invocations=54 (full 0):
 garbage-first heap   total 227328K, used 175410K [0x0000000080000000, 0x0000000100000000)
  region size 1024K, 52 young (53248K), 5 survivors (5120K)
 Metaspace       used 147950K, committed 150336K, reserved 1179648K
  class space    used 19937K, committed 21120K, reserved 1048576K
}
Event: 52.415 GC heap after
{Heap after GC invocations=55 (full 0):
 garbage-first heap   total 227328K, used 134863K [0x0000000080000000, 0x0000000100000000)
  region size 1024K, 11 young (11264K), 11 survivors (11264K)
 Metaspace       used 147950K, committed 150336K, reserved 1179648K
  class space    used 19937K, committed 21120K, reserved 1048576K
}
Event: 53.167 GC heap before
{Heap before GC invocations=56 (full 0):
 garbage-first heap   total 227328K, used 216783K [0x0000000080000000, 0x0000000100000000)
  region size 1024K, 77 young (78848K), 11 survivors (11264K)
 Metaspace       used 150679K, committed 153024K, reserved 1245184K
  class space    used 20199K, committed 21376K, reserved 1048576K
}
Event: 53.175 GC heap after
{Heap after GC invocations=57 (full 0):
 garbage-first heap   total 232448K, used 134505K [0x0000000080000000, 0x0000000100000000)
  region size 1024K, 3 young (3072K), 3 survivors (3072K)
 Metaspace       used 150679K, committed 153024K, reserved 1245184K
  class space    used 20199K, committed 21376K, reserved 1048576K
}
Event: 85.254 GC heap before
{Heap before GC invocations=57 (full 0):
 garbage-first heap   total 232448K, used 229737K [0x0000000080000000, 0x0000000100000000)
  region size 1024K, 77 young (78848K), 3 survivors (3072K)
 Metaspace       used 151295K, committed 153664K, reserved 1245184K
  class space    used 20253K, committed 21440K, reserved 1048576K
}

