# JRE version: OpenJDK Runtime Environment (21.0.4) (build 21.0.4+-12508038-b607.1)
# Java VM: OpenJDK 64-Bit Server VM (21.0.4+-12508038-b607.1, mixed mode, tiered, compressed oops, compressed class ptrs, g1 gc, windows-amd64)
GC Precious Log:
 CardTable entry size: 512
 Card Set container configuration: InlinePtr #cards 5 size 8 Array Of Cards #cards 12 size 40 Howl #buckets 4 coarsen threshold 1843 Howl Bitmap #cards 512 size 80 coarsen threshold 460 Card regions per heap region 1 cards per card region 2048
 CPUs: 8 total, 8 available
 Memory: 16183M
 Large Page Support: Disabled
 NUMA Support: Disabled
 Compressed Oops: Enabled (32-bit)
 Heap Region Size: 1M
 Heap Min Capacity: 8M
 Heap Initial Capacity: 254M
 Heap Max Capacity: 2G
 Pre-touch: Disabled
 Parallel Workers: 8
 Concurrent Workers: 2
 Concurrent Refinement Workers: 8
 Periodic GC: Disabled
Heap:
 garbage-first heap   total 431104K, used 244963K [0x0000000080000000, 0x0000000100000000)
  region size 1024K, 90 young (92160K), 11 survivors (11264K)
 Metaspace       used 165842K, committed 167680K, reserved 1245184K
  class space    used 20975K, committed 22080K, reserved 1048576K
GC Heap History (20 events):
Event: 3852.910 GC heap before
{Heap before GC invocations=105 (full 0):
 garbage-first heap   total 432128K, used 417721K [0x0000000080000000, 0x0000000100000000)
  region size 1024K, 253 young (259072K), 16 survivors (16384K)
 Metaspace       used 162087K, committed 163968K, reserved 1245184K
  class space    used 20671K, committed 21888K, reserved 1048576K
}
Event: 3852.917 GC heap after
{Heap after GC invocations=106 (full 0):
 garbage-first heap   total 432128K, used 111943K [0x0000000080000000, 0x0000000100000000)
  region size 1024K, 11 young (11264K), 11 survivors (11264K)
 Metaspace       used 162087K, committed 163968K, reserved 1245184K
  class space    used 20671K, committed 21888K, reserved 1048576K
}
Event: 4307.924 GC heap before
{Heap before GC invocations=106 (full 0):
 garbage-first heap   total 432128K, used 382279K [0x0000000080000000, 0x0000000100000000)
  region size 1024K, 253 young (259072K), 11 survivors (11264K)
 Metaspace       used 162481K, committed 164352K, reserved 1245184K
  class space    used 20695K, committed 21888K, reserved 1048576K
}
Event: 4307.967 GC heap after
{Heap after GC invocations=107 (full 0):
 garbage-first heap   total 432128K, used 126931K [0x0000000080000000, 0x0000000100000000)
  region size 1024K, 24 young (24576K), 24 survivors (24576K)
 Metaspace       used 162481K, committed 164352K, reserved 1245184K
  class space    used 20695K, committed 21888K, reserved 1048576K
}
Event: 4308.184 GC heap before
{Heap before GC invocations=107 (full 0):
 garbage-first heap   total 432128K, used 150483K [0x0000000080000000, 0x0000000100000000)
  region size 1024K, 49 young (50176K), 24 survivors (24576K)
 Metaspace       used 162550K, committed 164416K, reserved 1245184K
  class space    used 20695K, committed 21888K, reserved 1048576K
}
Event: 4308.195 GC heap after
{Heap after GC invocations=108 (full 0):
 garbage-first heap   total 432128K, used 119524K [0x0000000080000000, 0x0000000100000000)
  region size 1024K, 3 young (3072K), 3 survivors (3072K)
 Metaspace       used 162550K, committed 164416K, reserved 1245184K
  class space    used 20695K, committed 21888K, reserved 1048576K
}
Event: 4512.026 GC heap before
{Heap before GC invocations=109 (full 0):
 garbage-first heap   total 406528K, used 401124K [0x0000000080000000, 0x0000000100000000)
  region size 1024K, 238 young (243712K), 3 survivors (3072K)
 Metaspace       used 162691K, committed 164608K, reserved 1245184K
  class space    used 20695K, committed 21888K, reserved 1048576K
}
Event: 4512.042 GC heap after
{Heap after GC invocations=110 (full 0):
 garbage-first heap   total 412672K, used 126350K [0x0000000080000000, 0x0000000100000000)
  region size 1024K, 10 young (10240K), 10 survivors (10240K)
 Metaspace       used 162691K, committed 164608K, reserved 1245184K
  class space    used 20695K, committed 21888K, reserved 1048576K
}
Event: 4702.396 GC heap before
{Heap before GC invocations=110 (full 0):
 garbage-first heap   total 412672K, used 411022K [0x0000000080000000, 0x0000000100000000)
  region size 1024K, 232 young (237568K), 10 survivors (10240K)
 Metaspace       used 162742K, committed 164608K, reserved 1245184K
  class space    used 20695K, committed 21888K, reserved 1048576K
}
Event: 4702.417 GC heap after
{Heap after GC invocations=111 (full 0):
 garbage-first heap   total 418816K, used 116301K [0x0000000080000000, 0x0000000100000000)
  region size 1024K, 2 young (2048K), 2 survivors (2048K)
 Metaspace       used 162742K, committed 164608K, reserved 1245184K
  class space    used 20695K, committed 21888K, reserved 1048576K
}
Event: 5022.753 GC heap before
{Heap before GC invocations=111 (full 0):
 garbage-first heap   total 418816K, used 191053K [0x0000000080000000, 0x0000000100000000)
  region size 1024K, 77 young (78848K), 2 survivors (2048K)
 Metaspace       used 162750K, committed 164608K, reserved 1245184K
  class space    used 20695K, committed 21888K, reserved 1048576K
}
Event: 5022.765 GC heap after
{Heap after GC invocations=112 (full 0):
 garbage-first heap   total 418816K, used 122724K [0x0000000080000000, 0x0000000100000000)
  region size 1024K, 8 young (8192K), 8 survivors (8192K)
 Metaspace       used 162750K, committed 164608K, reserved 1245184K
  class space    used 20695K, committed 21888K, reserved 1048576K
}
Event: 5027.144 GC heap before
{Heap before GC invocations=113 (full 0):
 garbage-first heap   total 416768K, used 394084K [0x0000000080000000, 0x0000000100000000)
  region size 1024K, 244 young (249856K), 8 survivors (8192K)
 Metaspace       used 165346K, committed 167168K, reserved 1245184K
  class space    used 20939K, committed 22080K, reserved 1048576K
}
Event: 5027.164 GC heap after
{Heap after GC invocations=114 (full 0):
 garbage-first heap   total 418816K, used 142097K [0x0000000080000000, 0x0000000100000000)
  region size 1024K, 23 young (23552K), 23 survivors (23552K)
 Metaspace       used 165346K, committed 167168K, reserved 1245184K
  class space    used 20939K, committed 22080K, reserved 1048576K
}
Event: 5054.001 GC heap before
{Heap before GC invocations=114 (full 0):
 garbage-first heap   total 418816K, used 395025K [0x0000000080000000, 0x0000000100000000)
  region size 1024K, 245 young (250880K), 23 survivors (23552K)
 Metaspace       used 165675K, committed 167488K, reserved 1245184K
  class space    used 20946K, committed 22080K, reserved 1048576K
}
Event: 5054.017 GC heap after
{Heap after GC invocations=115 (full 0):
 garbage-first heap   total 431104K, used 142791K [0x0000000080000000, 0x0000000100000000)
  region size 1024K, 31 young (31744K), 31 survivors (31744K)
 Metaspace       used 165675K, committed 167488K, reserved 1245184K
  class space    used 20946K, committed 22080K, reserved 1048576K
}
Event: 5054.027 GC heap before
{Heap before GC invocations=115 (full 0):
 garbage-first heap   total 431104K, used 146887K [0x0000000080000000, 0x0000000100000000)
  region size 1024K, 36 young (36864K), 31 survivors (31744K)
 Metaspace       used 165678K, committed 167552K, reserved 1245184K
  class space    used 20946K, committed 22080K, reserved 1048576K
}
Event: 5054.043 GC heap after
{Heap after GC invocations=116 (full 0):
 garbage-first heap   total 431104K, used 144896K [0x0000000080000000, 0x0000000100000000)
  region size 1024K, 7 young (7168K), 7 survivors (7168K)
 Metaspace       used 165678K, committed 167552K, reserved 1245184K
  class space    used 20946K, committed 22080K, reserved 1048576K
}
Event: 5410.208 GC heap before
{Heap before GC invocations=117 (full 0):
 garbage-first heap   total 431104K, used 306688K [0x0000000080000000, 0x0000000100000000)
  region size 1024K, 131 young (134144K), 7 survivors (7168K)
 Metaspace       used 165824K, committed 167680K, reserved 1245184K
  class space    used 20975K, committed 22080K, reserved 1048576K
}
Event: 5410.220 GC heap after
{Heap after GC invocations=118 (full 0):
 garbage-first heap   total 431104K, used 148707K [0x0000000080000000, 0x0000000100000000)
  region size 1024K, 11 young (11264K), 11 survivors (11264K)
 Metaspace       used 165824K, committed 167680K, reserved 1245184K
  class space    used 20975K, committed 22080K, reserved 1048576K
}

